<?xml version="1.0" encoding="UTF-8"?>
<!-- Generated by org.testng.reporters.JUnitXMLReporter -->
<testsuite ignored="0" hostname="ANIRUDH" failures="2" tests="3" name="IE Test" time="45.479" errors="0" timestamp="2022-10-19T18:12:13 IST">
  <testcase classname="lambdatestjava.LambdaTestJava2" name="testScenario2" time="1.424">
    <failure type="java.lang.AssertionError" message="expected [https://www.lambdatest.com/selenium-playground/drag-drop-range-sliders-demo] but found [https://www.lambdatest.com/selenium-playground/]">
      <![CDATA[java.lang.AssertionError: expected [https://www.lambdatest.com/selenium-playground/drag-drop-range-sliders-demo] but found [https://www.lambdatest.com/selenium-playground/]
at lambdatestjava.LambdaTestJava2.testScenario2(LambdaTestJava2.java:57)
at java.base/java.util.concurrent.ThreadPoolExecutor.runWorker(ThreadPoolExecutor.java:1136)
at java.base/java.util.concurrent.ThreadPoolExecutor$Worker.run(ThreadPoolExecutor.java:635)
at java.base/java.lang.Thread.run(Thread.java:833)
... Removed 23 stack frames]]>
    </failure>
  </testcase> <!-- testScenario2 -->
  <testcase classname="lambdatestjava.LambdaTestJava3" name="testScenario3" time="5.635">
    <failure type="java.lang.AssertionError" message="expected [Please fill out this field.] but found [This is a required field]">
      <![CDATA[java.lang.AssertionError: expected [Please fill out this field.] but found [This is a required field]
at lambdatestjava.LambdaTestJava3.testScenario3(LambdaTestJava3.java:60)
at java.base/java.util.concurrent.ThreadPoolExecutor.runWorker(ThreadPoolExecutor.java:1136)
at java.base/java.util.concurrent.ThreadPoolExecutor$Worker.run(ThreadPoolExecutor.java:635)
at java.base/java.lang.Thread.run(Thread.java:833)
... Removed 23 stack frames]]>
    </failure>
  </testcase> <!-- testScenario3 -->
  <testcase classname="lambdatestjava.LambdaTestJava" name="testScenario1" time="6.142"/>
</testsuite> <!-- IE Test -->
