<?xml version="1.0" encoding="UTF-8"?>
<testng-results ignored="0" total="12" passed="10" failed="2" skipped="0">
  <reporter-output>
  </reporter-output>
  <suite started-at="2022-10-19T18:09:31 IST" name="Parallel Test Suite" finished-at="2022-10-19T18:12:13 IST" duration-ms="161798">
    <groups>
    </groups>
    <test started-at="2022-10-19T18:09:31 IST" name="Chrome Test" finished-at="2022-10-19T18:10:14 IST" duration-ms="42912">
      <class name="lambdatestjava.LambdaTestJava3">
        <test-method is-config="true" signature="setUp(java.lang.String,java.lang.String,java.lang.String)[pri:0, instance:lambdatestjava.LambdaTestJava3@6fdbe764]" started-at="2022-10-19T18:09:31 IST" name="setUp" finished-at="2022-10-19T18:09:56 IST" duration-ms="24493" status="PASS">
          <params>
            <param index="0">
              <value>
                <![CDATA[chrome]]>
              </value>
            </param>
            <param index="1">
              <value>
                <![CDATA[88.0]]>
              </value>
            </param>
            <param index="2">
              <value>
                <![CDATA[WIN10]]>
              </value>
            </param>
          </params>
          <reporter-output>
          </reporter-output>
        </test-method> <!-- setUp -->
        <test-method signature="testScenario3()[pri:0, instance:lambdatestjava.LambdaTestJava3@6fdbe764]" started-at="2022-10-19T18:09:56 IST" name="testScenario3" finished-at="2022-10-19T18:10:10 IST" duration-ms="14274" status="PASS">
          <reporter-output>
          </reporter-output>
        </test-method> <!-- testScenario3 -->
        <test-method is-config="true" signature="tearDown()[pri:0, instance:lambdatestjava.LambdaTestJava3@6fdbe764]" started-at="2022-10-19T18:10:10 IST" name="tearDown" finished-at="2022-10-19T18:10:12 IST" duration-ms="1787" status="PASS">
          <reporter-output>
          </reporter-output>
        </test-method> <!-- tearDown -->
      </class> <!-- lambdatestjava.LambdaTestJava3 -->
      <class name="lambdatestjava.LambdaTestJava2">
        <test-method is-config="true" signature="setUp(java.lang.String,java.lang.String,java.lang.String)[pri:0, instance:lambdatestjava.LambdaTestJava2@a38c7fe]" started-at="2022-10-19T18:09:31 IST" name="setUp" finished-at="2022-10-19T18:09:43 IST" duration-ms="12252" status="PASS">
          <params>
            <param index="0">
              <value>
                <![CDATA[chrome]]>
              </value>
            </param>
            <param index="1">
              <value>
                <![CDATA[88.0]]>
              </value>
            </param>
            <param index="2">
              <value>
                <![CDATA[WIN10]]>
              </value>
            </param>
          </params>
          <reporter-output>
          </reporter-output>
        </test-method> <!-- setUp -->
        <test-method signature="testScenario2()[pri:0, instance:lambdatestjava.LambdaTestJava2@a38c7fe]" started-at="2022-10-19T18:09:43 IST" name="testScenario2" finished-at="2022-10-19T18:09:49 IST" duration-ms="5112" status="PASS">
          <reporter-output>
          </reporter-output>
        </test-method> <!-- testScenario2 -->
        <test-method is-config="true" signature="tearDown()[pri:0, instance:lambdatestjava.LambdaTestJava2@a38c7fe]" started-at="2022-10-19T18:09:49 IST" name="tearDown" finished-at="2022-10-19T18:09:50 IST" duration-ms="1913" status="PASS">
          <reporter-output>
          </reporter-output>
        </test-method> <!-- tearDown -->
      </class> <!-- lambdatestjava.LambdaTestJava2 -->
      <class name="lambdatestjava.LambdaTestJava">
        <test-method is-config="true" signature="setUp(java.lang.String,java.lang.String,java.lang.String)[pri:0, instance:lambdatestjava.LambdaTestJava@60bd273d]" started-at="2022-10-19T18:09:31 IST" name="setUp" finished-at="2022-10-19T18:10:06 IST" duration-ms="35287" status="PASS">
          <params>
            <param index="0">
              <value>
                <![CDATA[chrome]]>
              </value>
            </param>
            <param index="1">
              <value>
                <![CDATA[88.0]]>
              </value>
            </param>
            <param index="2">
              <value>
                <![CDATA[WIN10]]>
              </value>
            </param>
          </params>
          <reporter-output>
          </reporter-output>
        </test-method> <!-- setUp -->
        <test-method signature="testScenario1()[pri:0, instance:lambdatestjava.LambdaTestJava@60bd273d]" started-at="2022-10-19T18:10:06 IST" name="testScenario1" finished-at="2022-10-19T18:10:12 IST" duration-ms="5632" status="PASS">
          <reporter-output>
          </reporter-output>
        </test-method> <!-- testScenario1 -->
        <test-method is-config="true" signature="tearDown()[pri:0, instance:lambdatestjava.LambdaTestJava@60bd273d]" started-at="2022-10-19T18:10:12 IST" name="tearDown" finished-at="2022-10-19T18:10:14 IST" duration-ms="1942" status="PASS">
          <reporter-output>
          </reporter-output>
        </test-method> <!-- tearDown -->
      </class> <!-- lambdatestjava.LambdaTestJava -->
    </test> <!-- Chrome Test -->
    <test started-at="2022-10-19T18:10:14 IST" name="Microsoft Edge Test" finished-at="2022-10-19T18:10:52 IST" duration-ms="37615">
      <class name="lambdatestjava.LambdaTestJava3">
        <test-method is-config="true" signature="setUp(java.lang.String,java.lang.String,java.lang.String)[pri:0, instance:lambdatestjava.LambdaTestJava3@5b1669c0]" started-at="2022-10-19T18:10:14 IST" name="setUp" finished-at="2022-10-19T18:10:33 IST" duration-ms="19034" status="PASS">
          <params>
            <param index="0">
              <value>
                <![CDATA[edge]]>
              </value>
            </param>
            <param index="1">
              <value>
                <![CDATA[87.0]]>
              </value>
            </param>
            <param index="2">
              <value>
                <![CDATA[macOS Sierra]]>
              </value>
            </param>
          </params>
          <reporter-output>
          </reporter-output>
        </test-method> <!-- setUp -->
        <test-method signature="testScenario3()[pri:0, instance:lambdatestjava.LambdaTestJava3@5b1669c0]" started-at="2022-10-19T18:10:33 IST" name="testScenario3" finished-at="2022-10-19T18:10:48 IST" duration-ms="14821" status="PASS">
          <reporter-output>
          </reporter-output>
        </test-method> <!-- testScenario3 -->
        <test-method is-config="true" signature="tearDown()[pri:0, instance:lambdatestjava.LambdaTestJava3@5b1669c0]" started-at="2022-10-19T18:10:48 IST" name="tearDown" finished-at="2022-10-19T18:10:50 IST" duration-ms="1970" status="PASS">
          <reporter-output>
          </reporter-output>
        </test-method> <!-- tearDown -->
      </class> <!-- lambdatestjava.LambdaTestJava3 -->
      <class name="lambdatestjava.LambdaTestJava2">
        <test-method is-config="true" signature="setUp(java.lang.String,java.lang.String,java.lang.String)[pri:0, instance:lambdatestjava.LambdaTestJava2@1530c739]" started-at="2022-10-19T18:10:14 IST" name="setUp" finished-at="2022-10-19T18:10:45 IST" duration-ms="30956" status="PASS">
          <params>
            <param index="0">
              <value>
                <![CDATA[edge]]>
              </value>
            </param>
            <param index="1">
              <value>
                <![CDATA[87.0]]>
              </value>
            </param>
            <param index="2">
              <value>
                <![CDATA[macOS Sierra]]>
              </value>
            </param>
          </params>
          <reporter-output>
          </reporter-output>
        </test-method> <!-- setUp -->
        <test-method signature="testScenario2()[pri:0, instance:lambdatestjava.LambdaTestJava2@1530c739]" started-at="2022-10-19T18:10:45 IST" name="testScenario2" finished-at="2022-10-19T18:10:50 IST" duration-ms="4729" status="PASS">
          <reporter-output>
          </reporter-output>
        </test-method> <!-- testScenario2 -->
        <test-method is-config="true" signature="tearDown()[pri:0, instance:lambdatestjava.LambdaTestJava2@1530c739]" started-at="2022-10-19T18:10:50 IST" name="tearDown" finished-at="2022-10-19T18:10:52 IST" duration-ms="1924" status="PASS">
          <reporter-output>
          </reporter-output>
        </test-method> <!-- tearDown -->
      </class> <!-- lambdatestjava.LambdaTestJava2 -->
      <class name="lambdatestjava.LambdaTestJava">
        <test-method is-config="true" signature="setUp(java.lang.String,java.lang.String,java.lang.String)[pri:0, instance:lambdatestjava.LambdaTestJava@449a4f23]" started-at="2022-10-19T18:10:14 IST" name="setUp" finished-at="2022-10-19T18:10:23 IST" duration-ms="8530" status="PASS">
          <params>
            <param index="0">
              <value>
                <![CDATA[edge]]>
              </value>
            </param>
            <param index="1">
              <value>
                <![CDATA[87.0]]>
              </value>
            </param>
            <param index="2">
              <value>
                <![CDATA[macOS Sierra]]>
              </value>
            </param>
          </params>
          <reporter-output>
          </reporter-output>
        </test-method> <!-- setUp -->
        <test-method signature="testScenario1()[pri:0, instance:lambdatestjava.LambdaTestJava@449a4f23]" started-at="2022-10-19T18:10:23 IST" name="testScenario1" finished-at="2022-10-19T18:10:28 IST" duration-ms="5837" status="PASS">
          <reporter-output>
          </reporter-output>
        </test-method> <!-- testScenario1 -->
        <test-method is-config="true" signature="tearDown()[pri:0, instance:lambdatestjava.LambdaTestJava@449a4f23]" started-at="2022-10-19T18:10:28 IST" name="tearDown" finished-at="2022-10-19T18:10:30 IST" duration-ms="1942" status="PASS">
          <reporter-output>
          </reporter-output>
        </test-method> <!-- tearDown -->
      </class> <!-- lambdatestjava.LambdaTestJava -->
    </test> <!-- Microsoft Edge Test -->
    <test started-at="2022-10-19T18:10:52 IST" name="Firefox Test" finished-at="2022-10-19T18:11:27 IST" duration-ms="35670">
      <class name="lambdatestjava.LambdaTestJava3">
        <test-method is-config="true" signature="setUp(java.lang.String,java.lang.String,java.lang.String)[pri:0, instance:lambdatestjava.LambdaTestJava3@470734c3]" started-at="2022-10-19T18:10:52 IST" name="setUp" finished-at="2022-10-19T18:11:10 IST" duration-ms="18703" status="PASS">
          <params>
            <param index="0">
              <value>
                <![CDATA[firefox]]>
              </value>
            </param>
            <param index="1">
              <value>
                <![CDATA[82.0]]>
              </value>
            </param>
            <param index="2">
              <value>
                <![CDATA[WIN7]]>
              </value>
            </param>
          </params>
          <reporter-output>
          </reporter-output>
        </test-method> <!-- setUp -->
        <test-method signature="testScenario3()[pri:0, instance:lambdatestjava.LambdaTestJava3@470734c3]" started-at="2022-10-19T18:11:10 IST" name="testScenario3" finished-at="2022-10-19T18:11:25 IST" duration-ms="14744" status="PASS">
          <reporter-output>
          </reporter-output>
        </test-method> <!-- testScenario3 -->
        <test-method is-config="true" signature="tearDown()[pri:0, instance:lambdatestjava.LambdaTestJava3@470734c3]" started-at="2022-10-19T18:11:25 IST" name="tearDown" finished-at="2022-10-19T18:11:27 IST" duration-ms="2205" status="PASS">
          <reporter-output>
          </reporter-output>
        </test-method> <!-- tearDown -->
      </class> <!-- lambdatestjava.LambdaTestJava3 -->
      <class name="lambdatestjava.LambdaTestJava2">
        <test-method is-config="true" signature="setUp(java.lang.String,java.lang.String,java.lang.String)[pri:0, instance:lambdatestjava.LambdaTestJava2@8f2ef19]" started-at="2022-10-19T18:10:52 IST" name="setUp" finished-at="2022-10-19T18:11:02 IST" duration-ms="9898" status="PASS">
          <params>
            <param index="0">
              <value>
                <![CDATA[firefox]]>
              </value>
            </param>
            <param index="1">
              <value>
                <![CDATA[82.0]]>
              </value>
            </param>
            <param index="2">
              <value>
                <![CDATA[WIN7]]>
              </value>
            </param>
          </params>
          <reporter-output>
          </reporter-output>
        </test-method> <!-- setUp -->
        <test-method signature="testScenario2()[pri:0, instance:lambdatestjava.LambdaTestJava2@8f2ef19]" started-at="2022-10-19T18:11:02 IST" name="testScenario2" finished-at="2022-10-19T18:11:05 IST" duration-ms="3786" status="PASS">
          <reporter-output>
          </reporter-output>
        </test-method> <!-- testScenario2 -->
        <test-method is-config="true" signature="tearDown()[pri:0, instance:lambdatestjava.LambdaTestJava2@8f2ef19]" started-at="2022-10-19T18:11:05 IST" name="tearDown" finished-at="2022-10-19T18:11:08 IST" duration-ms="2250" status="PASS">
          <reporter-output>
          </reporter-output>
        </test-method> <!-- tearDown -->
      </class> <!-- lambdatestjava.LambdaTestJava2 -->
      <class name="lambdatestjava.LambdaTestJava">
        <test-method is-config="true" signature="setUp(java.lang.String,java.lang.String,java.lang.String)[pri:0, instance:lambdatestjava.LambdaTestJava@2eae8e6e]" started-at="2022-10-19T18:10:52 IST" name="setUp" finished-at="2022-10-19T18:11:20 IST" duration-ms="27899" status="PASS">
          <params>
            <param index="0">
              <value>
                <![CDATA[firefox]]>
              </value>
            </param>
            <param index="1">
              <value>
                <![CDATA[82.0]]>
              </value>
            </param>
            <param index="2">
              <value>
                <![CDATA[WIN7]]>
              </value>
            </param>
          </params>
          <reporter-output>
          </reporter-output>
        </test-method> <!-- setUp -->
        <test-method signature="testScenario1()[pri:0, instance:lambdatestjava.LambdaTestJava@2eae8e6e]" started-at="2022-10-19T18:11:20 IST" name="testScenario1" finished-at="2022-10-19T18:11:25 IST" duration-ms="5548" status="PASS">
          <reporter-output>
          </reporter-output>
        </test-method> <!-- testScenario1 -->
        <test-method is-config="true" signature="tearDown()[pri:0, instance:lambdatestjava.LambdaTestJava@2eae8e6e]" started-at="2022-10-19T18:11:25 IST" name="tearDown" finished-at="2022-10-19T18:11:27 IST" duration-ms="2215" status="PASS">
          <reporter-output>
          </reporter-output>
        </test-method> <!-- tearDown -->
      </class> <!-- lambdatestjava.LambdaTestJava -->
    </test> <!-- Firefox Test -->
    <test started-at="2022-10-19T18:11:27 IST" name="IE Test" finished-at="2022-10-19T18:12:13 IST" duration-ms="45479">
      <class name="lambdatestjava.LambdaTestJava3">
        <test-method is-config="true" signature="setUp(java.lang.String,java.lang.String,java.lang.String)[pri:0, instance:lambdatestjava.LambdaTestJava3@17f62e33]" started-at="2022-10-19T18:11:27 IST" name="setUp" finished-at="2022-10-19T18:11:46 IST" duration-ms="18952" status="PASS">
          <params>
            <param index="0">
              <value>
                <![CDATA[ie]]>
              </value>
            </param>
            <param index="1">
              <value>
                <![CDATA[11.0]]>
              </value>
            </param>
            <param index="2">
              <value>
                <![CDATA[WIN10]]>
              </value>
            </param>
          </params>
          <reporter-output>
          </reporter-output>
        </test-method> <!-- setUp -->
        <test-method signature="testScenario3()[pri:0, instance:lambdatestjava.LambdaTestJava3@17f62e33]" started-at="2022-10-19T18:11:46 IST" name="testScenario3" finished-at="2022-10-19T18:11:52 IST" duration-ms="5635" status="FAIL">
          <exception class="java.lang.AssertionError">
            <message>
              <![CDATA[expected [Please fill out this field.] but found [This is a required field]]]>
            </message>
            <full-stacktrace>
              <![CDATA[java.lang.AssertionError: expected [Please fill out this field.] but found [This is a required field]
at org.testng.Assert.fail(Assert.java:110)
at org.testng.Assert.failNotEquals(Assert.java:1413)
at org.testng.Assert.assertEqualsImpl(Assert.java:149)
at org.testng.Assert.assertEquals(Assert.java:131)
at org.testng.Assert.assertEquals(Assert.java:655)
at org.testng.Assert.assertEquals(Assert.java:665)
at lambdatestjava.LambdaTestJava3.testScenario3(LambdaTestJava3.java:60)
at java.base/jdk.internal.reflect.NativeMethodAccessorImpl.invoke0(Native Method)
at java.base/jdk.internal.reflect.NativeMethodAccessorImpl.invoke(NativeMethodAccessorImpl.java:77)
at java.base/jdk.internal.reflect.DelegatingMethodAccessorImpl.invoke(DelegatingMethodAccessorImpl.java:43)
at java.base/java.lang.reflect.Method.invoke(Method.java:568)
at org.testng.internal.invokers.MethodInvocationHelper.invokeMethod(MethodInvocationHelper.java:139)
at org.testng.internal.invokers.InvokeMethodRunnable.runOne(InvokeMethodRunnable.java:47)
at org.testng.internal.invokers.InvokeMethodRunnable.call(InvokeMethodRunnable.java:76)
at org.testng.internal.invokers.InvokeMethodRunnable.run(InvokeMethodRunnable.java:33)
at org.testng.internal.invokers.MethodInvocationHelper.invokeWithTimeoutWithNoExecutor(MethodInvocationHelper.java:345)
at org.testng.internal.invokers.MethodInvocationHelper.invokeWithTimeout(MethodInvocationHelper.java:301)
at org.testng.internal.invokers.TestInvoker.invokeMethod(TestInvoker.java:686)
at org.testng.internal.invokers.TestInvoker.invokeTestMethod(TestInvoker.java:221)
at org.testng.internal.invokers.MethodRunner.runInSequence(MethodRunner.java:50)
at org.testng.internal.invokers.TestInvoker$MethodInvocationAgent.invoke(TestInvoker.java:962)
at org.testng.internal.invokers.TestInvoker.invokeTestMethods(TestInvoker.java:194)
at org.testng.internal.invokers.TestMethodWorker.invokeTestMethods(TestMethodWorker.java:148)
at org.testng.internal.invokers.TestMethodWorker.run(TestMethodWorker.java:128)
at java.base/java.util.concurrent.ThreadPoolExecutor.runWorker(ThreadPoolExecutor.java:1136)
at java.base/java.util.concurrent.ThreadPoolExecutor$Worker.run(ThreadPoolExecutor.java:635)
at java.base/java.lang.Thread.run(Thread.java:833)
]]>
            </full-stacktrace>
          </exception> <!-- java.lang.AssertionError -->
          <reporter-output>
          </reporter-output>
        </test-method> <!-- testScenario3 -->
        <test-method is-config="true" signature="tearDown()[pri:0, instance:lambdatestjava.LambdaTestJava3@17f62e33]" started-at="2022-10-19T18:11:52 IST" name="tearDown" finished-at="2022-10-19T18:11:54 IST" duration-ms="1839" status="PASS">
          <reporter-output>
          </reporter-output>
        </test-method> <!-- tearDown -->
      </class> <!-- lambdatestjava.LambdaTestJava3 -->
      <class name="lambdatestjava.LambdaTestJava2">
        <test-method is-config="true" signature="setUp(java.lang.String,java.lang.String,java.lang.String)[pri:0, instance:lambdatestjava.LambdaTestJava2@74ea2410]" started-at="2022-10-19T18:11:27 IST" name="setUp" finished-at="2022-10-19T18:11:46 IST" duration-ms="18473" status="PASS">
          <params>
            <param index="0">
              <value>
                <![CDATA[ie]]>
              </value>
            </param>
            <param index="1">
              <value>
                <![CDATA[11.0]]>
              </value>
            </param>
            <param index="2">
              <value>
                <![CDATA[WIN10]]>
              </value>
            </param>
          </params>
          <reporter-output>
          </reporter-output>
        </test-method> <!-- setUp -->
        <test-method signature="testScenario2()[pri:0, instance:lambdatestjava.LambdaTestJava2@74ea2410]" started-at="2022-10-19T18:11:46 IST" name="testScenario2" finished-at="2022-10-19T18:11:47 IST" duration-ms="1424" status="FAIL">
          <exception class="java.lang.AssertionError">
            <message>
              <![CDATA[expected [https://www.lambdatest.com/selenium-playground/drag-drop-range-sliders-demo] but found [https://www.lambdatest.com/selenium-playground/]]]>
            </message>
            <full-stacktrace>
              <![CDATA[java.lang.AssertionError: expected [https://www.lambdatest.com/selenium-playground/drag-drop-range-sliders-demo] but found [https://www.lambdatest.com/selenium-playground/]
at org.testng.Assert.fail(Assert.java:110)
at org.testng.Assert.failNotEquals(Assert.java:1413)
at org.testng.Assert.assertEqualsImpl(Assert.java:149)
at org.testng.Assert.assertEquals(Assert.java:131)
at org.testng.Assert.assertEquals(Assert.java:655)
at org.testng.Assert.assertEquals(Assert.java:665)
at lambdatestjava.LambdaTestJava2.testScenario2(LambdaTestJava2.java:57)
at java.base/jdk.internal.reflect.NativeMethodAccessorImpl.invoke0(Native Method)
at java.base/jdk.internal.reflect.NativeMethodAccessorImpl.invoke(NativeMethodAccessorImpl.java:77)
at java.base/jdk.internal.reflect.DelegatingMethodAccessorImpl.invoke(DelegatingMethodAccessorImpl.java:43)
at java.base/java.lang.reflect.Method.invoke(Method.java:568)
at org.testng.internal.invokers.MethodInvocationHelper.invokeMethod(MethodInvocationHelper.java:139)
at org.testng.internal.invokers.InvokeMethodRunnable.runOne(InvokeMethodRunnable.java:47)
at org.testng.internal.invokers.InvokeMethodRunnable.call(InvokeMethodRunnable.java:76)
at org.testng.internal.invokers.InvokeMethodRunnable.run(InvokeMethodRunnable.java:33)
at org.testng.internal.invokers.MethodInvocationHelper.invokeWithTimeoutWithNoExecutor(MethodInvocationHelper.java:345)
at org.testng.internal.invokers.MethodInvocationHelper.invokeWithTimeout(MethodInvocationHelper.java:301)
at org.testng.internal.invokers.TestInvoker.invokeMethod(TestInvoker.java:686)
at org.testng.internal.invokers.TestInvoker.invokeTestMethod(TestInvoker.java:221)
at org.testng.internal.invokers.MethodRunner.runInSequence(MethodRunner.java:50)
at org.testng.internal.invokers.TestInvoker$MethodInvocationAgent.invoke(TestInvoker.java:962)
at org.testng.internal.invokers.TestInvoker.invokeTestMethods(TestInvoker.java:194)
at org.testng.internal.invokers.TestMethodWorker.invokeTestMethods(TestMethodWorker.java:148)
at org.testng.internal.invokers.TestMethodWorker.run(TestMethodWorker.java:128)
at java.base/java.util.concurrent.ThreadPoolExecutor.runWorker(ThreadPoolExecutor.java:1136)
at java.base/java.util.concurrent.ThreadPoolExecutor$Worker.run(ThreadPoolExecutor.java:635)
at java.base/java.lang.Thread.run(Thread.java:833)
]]>
            </full-stacktrace>
          </exception> <!-- java.lang.AssertionError -->
          <reporter-output>
          </reporter-output>
        </test-method> <!-- testScenario2 -->
        <test-method is-config="true" signature="tearDown()[pri:0, instance:lambdatestjava.LambdaTestJava2@74ea2410]" started-at="2022-10-19T18:11:47 IST" name="tearDown" finished-at="2022-10-19T18:11:49 IST" duration-ms="1712" status="PASS">
          <reporter-output>
          </reporter-output>
        </test-method> <!-- tearDown -->
      </class> <!-- lambdatestjava.LambdaTestJava2 -->
      <class name="lambdatestjava.LambdaTestJava">
        <test-method is-config="true" signature="setUp(java.lang.String,java.lang.String,java.lang.String)[pri:0, instance:lambdatestjava.LambdaTestJava@25ce9dc4]" started-at="2022-10-19T18:11:27 IST" name="setUp" finished-at="2022-10-19T18:12:05 IST" duration-ms="37489" status="PASS">
          <params>
            <param index="0">
              <value>
                <![CDATA[ie]]>
              </value>
            </param>
            <param index="1">
              <value>
                <![CDATA[11.0]]>
              </value>
            </param>
            <param index="2">
              <value>
                <![CDATA[WIN10]]>
              </value>
            </param>
          </params>
          <reporter-output>
          </reporter-output>
        </test-method> <!-- setUp -->
        <test-method signature="testScenario1()[pri:0, instance:lambdatestjava.LambdaTestJava@25ce9dc4]" started-at="2022-10-19T18:12:05 IST" name="testScenario1" finished-at="2022-10-19T18:12:11 IST" duration-ms="6142" status="PASS">
          <reporter-output>
          </reporter-output>
        </test-method> <!-- testScenario1 -->
        <test-method is-config="true" signature="tearDown()[pri:0, instance:lambdatestjava.LambdaTestJava@25ce9dc4]" started-at="2022-10-19T18:12:11 IST" name="tearDown" finished-at="2022-10-19T18:12:13 IST" duration-ms="1842" status="PASS">
          <reporter-output>
          </reporter-output>
        </test-method> <!-- tearDown -->
      </class> <!-- lambdatestjava.LambdaTestJava -->
    </test> <!-- IE Test -->
  </suite> <!-- Parallel Test Suite -->
</testng-results>
